Determining if the Fortran sgemm exists failed with the following output:
Change Dir: /home/mskrette/SCONE_cambridge_fork/SCONE/Build/CMakeFiles/CMakeTmp

Run Build Command(s):/bin/make cmTC_855d6/fast && /bin/make -f CMakeFiles/cmTC_855d6.dir/build.make CMakeFiles/cmTC_855d6.dir/build
make[1]: Entering directory '/home/mskrette/SCONE_cambridge_fork/SCONE/Build/CMakeFiles/CMakeTmp'
Building Fortran object CMakeFiles/cmTC_855d6.dir/testFortranCompiler.f.o
/bin/gfortran   -std=f2008 -O3 -g -pedantic -Wall -Wno-unused-dummy-argument -cpp -fopenmp    -c /home/mskrette/SCONE_cambridge_fork/SCONE/Build/CMakeFiles/CMakeTmp/testFortranCompiler.f -o CMakeFiles/cmTC_855d6.dir/testFortranCompiler.f.o
Linking Fortran executable cmTC_855d6
/usr/bin/cmake -E cmake_link_script CMakeFiles/cmTC_855d6.dir/link.txt --verbose=1
/bin/gfortran    -std=f2008 -O3 -g -pedantic -Wall -Wno-unused-dummy-argument -cpp -fopenmp  CMakeFiles/cmTC_855d6.dir/testFortranCompiler.f.o  -o cmTC_855d6 
/bin/ld: CMakeFiles/cmTC_855d6.dir/testFortranCompiler.f.o: in function `main':
/home/mskrette/SCONE_cambridge_fork/SCONE/Build/CMakeFiles/CMakeTmp/testFortranCompiler.f:4: undefined reference to `sgemm_'
collect2: error: ld returned 1 exit status
make[1]: *** [CMakeFiles/cmTC_855d6.dir/build.make:87: cmTC_855d6] Error 1
make[1]: Leaving directory '/home/mskrette/SCONE_cambridge_fork/SCONE/Build/CMakeFiles/CMakeTmp'
make: *** [Makefile:121: cmTC_855d6/fast] Error 2



Performing C SOURCE FILE Test CMAKE_HAVE_LIBC_PTHREAD failed with the following output:
Change Dir: /home/mskrette/SCONE_cambridge_fork/SCONE/Build/CMakeFiles/CMakeTmp

Run Build Command(s):/bin/make cmTC_ddc16/fast && /bin/make -f CMakeFiles/cmTC_ddc16.dir/build.make CMakeFiles/cmTC_ddc16.dir/build
make[1]: Entering directory '/home/mskrette/SCONE_cambridge_fork/SCONE/Build/CMakeFiles/CMakeTmp'
Building C object CMakeFiles/cmTC_ddc16.dir/src.c.o
/bin/cc   -DCMAKE_HAVE_LIBC_PTHREAD   -o CMakeFiles/cmTC_ddc16.dir/src.c.o   -c /home/mskrette/SCONE_cambridge_fork/SCONE/Build/CMakeFiles/CMakeTmp/src.c
Linking C executable cmTC_ddc16
/usr/bin/cmake -E cmake_link_script CMakeFiles/cmTC_ddc16.dir/link.txt --verbose=1
/bin/cc  -DCMAKE_HAVE_LIBC_PTHREAD    CMakeFiles/cmTC_ddc16.dir/src.c.o  -o cmTC_ddc16 
/bin/ld: CMakeFiles/cmTC_ddc16.dir/src.c.o: in function `main':
src.c:(.text+0x46): undefined reference to `pthread_create'
/bin/ld: src.c:(.text+0x52): undefined reference to `pthread_detach'
/bin/ld: src.c:(.text+0x63): undefined reference to `pthread_join'
collect2: error: ld returned 1 exit status
make[1]: *** [CMakeFiles/cmTC_ddc16.dir/build.make:87: cmTC_ddc16] Error 1
make[1]: Leaving directory '/home/mskrette/SCONE_cambridge_fork/SCONE/Build/CMakeFiles/CMakeTmp'
make: *** [Makefile:121: cmTC_ddc16/fast] Error 2


Source file was:
#include <pthread.h>

void* test_func(void* data)
{
  return data;
}

int main(void)
{
  pthread_t thread;
  pthread_create(&thread, NULL, test_func, NULL);
  pthread_detach(thread);
  pthread_join(thread, NULL);
  pthread_atfork(NULL, NULL, NULL);
  pthread_exit(NULL);

  return 0;
}

Determining if the function pthread_create exists in the pthreads failed with the following output:
Change Dir: /home/mskrette/SCONE_cambridge_fork/SCONE/Build/CMakeFiles/CMakeTmp

Run Build Command(s):/bin/make cmTC_867da/fast && /bin/make -f CMakeFiles/cmTC_867da.dir/build.make CMakeFiles/cmTC_867da.dir/build
make[1]: Entering directory '/home/mskrette/SCONE_cambridge_fork/SCONE/Build/CMakeFiles/CMakeTmp'
Building C object CMakeFiles/cmTC_867da.dir/CheckFunctionExists.c.o
/bin/cc   -DCHECK_FUNCTION_EXISTS=pthread_create   -o CMakeFiles/cmTC_867da.dir/CheckFunctionExists.c.o   -c /usr/share/cmake-3.16/Modules/CheckFunctionExists.c
Linking C executable cmTC_867da
/usr/bin/cmake -E cmake_link_script CMakeFiles/cmTC_867da.dir/link.txt --verbose=1
/bin/cc  -DCHECK_FUNCTION_EXISTS=pthread_create    CMakeFiles/cmTC_867da.dir/CheckFunctionExists.c.o  -o cmTC_867da  -lpthreads 
/bin/ld: cannot find -lpthreads
collect2: error: ld returned 1 exit status
make[1]: *** [CMakeFiles/cmTC_867da.dir/build.make:87: cmTC_867da] Error 1
make[1]: Leaving directory '/home/mskrette/SCONE_cambridge_fork/SCONE/Build/CMakeFiles/CMakeTmp'
make: *** [Makefile:121: cmTC_867da/fast] Error 2



Determining if the Fortran cheev exists failed with the following output:
Change Dir: /home/mskrette/SCONE_cambridge_fork/SCONE/Build/CMakeFiles/CMakeTmp

Run Build Command(s):/bin/make cmTC_da562/fast && /bin/make -f CMakeFiles/cmTC_da562.dir/build.make CMakeFiles/cmTC_da562.dir/build
make[1]: Entering directory '/home/mskrette/SCONE_cambridge_fork/SCONE/Build/CMakeFiles/CMakeTmp'
Building Fortran object CMakeFiles/cmTC_da562.dir/testFortranCompiler.f.o
/bin/gfortran   -std=f2008 -O3 -g -pedantic -Wall -Wno-unused-dummy-argument -cpp -fopenmp    -c /home/mskrette/SCONE_cambridge_fork/SCONE/Build/CMakeFiles/CMakeTmp/testFortranCompiler.f -o CMakeFiles/cmTC_da562.dir/testFortranCompiler.f.o
Linking Fortran executable cmTC_da562
/usr/bin/cmake -E cmake_link_script CMakeFiles/cmTC_da562.dir/link.txt --verbose=1
/bin/gfortran    -std=f2008 -O3 -g -pedantic -Wall -Wno-unused-dummy-argument -cpp -fopenmp  CMakeFiles/cmTC_da562.dir/testFortranCompiler.f.o  -o cmTC_da562  /usr/local/lib/libblas.a 
/bin/ld: CMakeFiles/cmTC_da562.dir/testFortranCompiler.f.o: in function `main':
/home/mskrette/SCONE_cambridge_fork/SCONE/Build/CMakeFiles/CMakeTmp/testFortranCompiler.f:4: undefined reference to `cheev_'
collect2: error: ld returned 1 exit status
make[1]: *** [CMakeFiles/cmTC_da562.dir/build.make:88: cmTC_da562] Error 1
make[1]: Leaving directory '/home/mskrette/SCONE_cambridge_fork/SCONE/Build/CMakeFiles/CMakeTmp'
make: *** [Makefile:121: cmTC_da562/fast] Error 2



